[08/28/2022 12:39:07] Debug: Session id: 7a6d4238-fb26-484d-87a4-3b6229dd80cb
[08/28/2022 12:39:07] Debug: Code Processor information: Name :SnowConvert, Version: 7.11.102.0
[08/28/2022 12:39:08] Debug: Getting license
[08/28/2022 12:39:08] Debug: License information
	Status: Failed
	Message: No active license available.
[08/28/2022 12:39:08] Info: Starting to validate parameters
[08/28/2022 12:39:08] Info: Parameters to validate: 
	Execution mode: Conversion
	LICENSE_KEY: a3372138-b87e-4a08-b929-3b48b24c63f1
[08/28/2022 12:39:08] Info: Validation of parameters: Success
[08/28/2022 12:39:08] Debug: Getting code descriptor
[08/28/2022 12:39:08] Debug: Code descriptor information
	Units: 51
	Units type: LOC
	All file bytes: 2141
	All found extensions: .sql,.dml,.ddl,.bteq,.btq,.fl,.fload,.ml,.mload,.mld,.tp,.tpump,.tpt
[08/28/2022 12:39:08] Debug: Calculating fingerprint
[08/28/2022 12:39:08] Debug: Fingerprint information Fingerprint(size=2141,projects=1)
[08/28/2022 12:39:08] Info: Starting to try to validate online license for execution
[08/28/2022 12:39:10] Debug: Getting license
[08/28/2022 12:39:10] Debug: License information
	Status: Failed
	Message: No active license available.
[08/28/2022 12:39:10] Debug: Starting the execution of the controller
[08/28/2022 12:39:11] Debug: Executing the worker: SnowConvert
[08/28/2022 12:39:23] Debug: Finished executing the worker: SnowConvert
[08/28/2022 12:39:25] Info: Controller execution ended
